0 info it worked if it ends with ok
1 verbose cli [ '/usr/bin/nodejs', '/usr/bin/npm', 'publish' ]
2 info using npm@1.4.21
3 info using node@v0.10.25
4 verbose publish [ '.' ]
5 verbose cache add [ '.', null ]
6 verbose cache add name=undefined spec="." args=[".",null]
7 verbose parsed url { protocol: null,
7 verbose parsed url   slashes: null,
7 verbose parsed url   auth: null,
7 verbose parsed url   host: null,
7 verbose parsed url   port: null,
7 verbose parsed url   hostname: null,
7 verbose parsed url   hash: null,
7 verbose parsed url   search: null,
7 verbose parsed url   query: null,
7 verbose parsed url   pathname: '.',
7 verbose parsed url   path: '.',
7 verbose parsed url   href: '.' }
8 silly lockFile 3a52ce78- .
9 verbose lock . /home/katelyn/.npm/3a52ce78-.lock
10 verbose tar pack [ '/home/katelyn/.npm/nhp/0.2.7/package.tgz', '.' ]
11 verbose tarball /home/katelyn/.npm/nhp/0.2.7/package.tgz
12 verbose folder .
13 info prepublish nhp@0.2.7
14 silly lockFile 1f1177db-tar tar://.
15 verbose lock tar://. /home/katelyn/.npm/1f1177db-tar.lock
16 silly lockFile 1773b4e5-atelyn-npm-nhp-0-2-7-package-tgz tar:///home/katelyn/.npm/nhp/0.2.7/package.tgz
17 verbose lock tar:///home/katelyn/.npm/nhp/0.2.7/package.tgz /home/katelyn/.npm/1773b4e5-atelyn-npm-nhp-0-2-7-package-tgz.lock
18 silly lockFile 1f1177db-tar tar://.
19 silly lockFile 1f1177db-tar tar://.
20 silly lockFile 1773b4e5-atelyn-npm-nhp-0-2-7-package-tgz tar:///home/katelyn/.npm/nhp/0.2.7/package.tgz
21 silly lockFile 1773b4e5-atelyn-npm-nhp-0-2-7-package-tgz tar:///home/katelyn/.npm/nhp/0.2.7/package.tgz
22 silly lockFile f7c2a82d-me-katelyn-npm-nhp-0-2-7-package /home/katelyn/.npm/nhp/0.2.7/package
23 verbose lock /home/katelyn/.npm/nhp/0.2.7/package /home/katelyn/.npm/f7c2a82d-me-katelyn-npm-nhp-0-2-7-package.lock
24 silly lockFile f7c2a82d-me-katelyn-npm-nhp-0-2-7-package /home/katelyn/.npm/nhp/0.2.7/package
25 silly lockFile f7c2a82d-me-katelyn-npm-nhp-0-2-7-package /home/katelyn/.npm/nhp/0.2.7/package
26 silly lockFile 3a52ce78- .
27 silly lockFile 3a52ce78- .
28 silly publish { name: 'nhp',
28 silly publish   author: { name: 'NexusTools' },
28 silly publish   homepage: 'https://www.nexustools.net/projects#nhp',
28 silly publish   version: '0.2.7',
28 silly publish   licenses:
28 silly publish    [ { type: 'Apache License 2.0',
28 silly publish        url: 'http://www.apache.org/licenses/LICENSE-2.0.html' } ],
28 silly publish   description: 'nhp is a html templating language which uses the moustache syntax, and tags similar to php for methods.',
28 silly publish   keywords:
28 silly publish    [ 'nhp',
28 silly publish      'html',
28 silly publish      'nosejs',
28 silly publish      'template',
28 silly publish      'NexusTools',
28 silly publish      'integration',
28 silly publish      'compiler',
28 silly publish      'language' ],
28 silly publish   bugs: { url: 'https://github.com/NexusTools/node-nhp/issues' },
28 silly publish   repository:
28 silly publish    { type: 'git',
28 silly publish      url: 'https://github.com/NexusTools/node-nhp.git' },
28 silly publish   scripts:
28 silly publish    { test: 'mocha --timeout 10000 --require test/support/env --reporter spec --globals __typeinclude__ --check-leaks test/',
28 silly publish      'test-travis': 'istanbul cover node_modules/mocha/bin/_mocha --report lcovonly --  --timeout 20000 --require test/support/env --reporter spec --globals __typeinclude__ --check-leaks test/',
28 silly publish      postinstall: 'tscac' },
28 silly publish   typesource: 'lib',
28 silly publish   preferGlobal: true,
28 silly publish   main: 'index.ts',
28 silly publish   bin: { nhpc: './bin/nhpc' },
28 silly publish   engines: { node: '>=1.0.0' },
28 silly publish   dependencies:
28 silly publish    { async: 'latest',
28 silly publish      underscore: 'latest',
28 silly publish      htmlparser2: 'latest',
28 silly publish      typeinclude: '>=0.5.8',
28 silly publish      nulllogger: '>=0.2.2',
28 silly publish      entities: 'latest' },
28 silly publish   devDependencies: { istanbul: '0.3.2', mocha: '~1.21.4' },
28 silly publish   readme: '[![Package Version](https://img.shields.io/npm/v/nhp.svg)](https://www.npmjs.org/package/nhp) [![Build Status](https://travis-ci.org/NexusTools/node-nhp.svg)](https://travis-ci.org/NexusTools/node-nhp) [![Coverage Status](https://img.shields.io/coveralls/NexusTools/node-nhp.svg)](https://coveralls.io/r/NexusTools/node-nhp) [![Apache License 2.0](http://img.shields.io/hexpm/l/plug.svg)](http://www.apache.org/licenses/LICENSE-2.0.html) [![Gratipay Tips](http://img.shields.io/gratipay/NexusTools.svg)](https://gratipay.com/NexusTools/)\n\nnode-nhp\n--------\nnode-nhp is a html templating language which uses the moustache syntax, and tags similar to php for methods.\nMoustache code is run directly from within a ```vm``` context, so it can be as complex as you need.\n\nlegal\n-----\nnode-nhp is licensed under [Apache License 2.0](LICENSE.md)\n',
28 silly publish   readmeFilename: 'README.md',
28 silly publish   gitHead: '9de68e676daba4c5142e85a1be37e7512fd4bb3e',
28 silly publish   _id: 'nhp@0.2.7',
28 silly publish   _shasum: '1633443f245b84dce42cebe7a9bed11ff004cd77',
28 silly publish   _from: '.' }
29 verbose request where is /nhp
30 verbose request registry https://registry.npmjs.org/
31 verbose request id d4ac962c5435d3b3
32 verbose url raw /nhp
33 verbose url resolving [ 'https://registry.npmjs.org/', './nhp' ]
34 verbose url resolved https://registry.npmjs.org/nhp
35 verbose request where is https://registry.npmjs.org/nhp
36 info trying registry request attempt 1 at 13:19:15
37 http PUT https://registry.npmjs.org/nhp
38 http 403 https://registry.npmjs.org/nhp
39 verbose headers { date: 'Tue, 18 Nov 2014 18:19:19 GMT',
39 verbose headers   server: 'CouchDB/1.5.0 (Erlang OTP/R16B03)',
39 verbose headers   'content-type': 'application/json',
39 verbose headers   'cache-control': 'max-age=60',
39 verbose headers   'content-length': '4732',
39 verbose headers   'accept-ranges': 'bytes',
39 verbose headers   via: '1.1 varnish',
39 verbose headers   'x-served-by': 'cache-atl6221-ATL',
39 verbose headers   'x-cache': 'MISS',
39 verbose headers   'x-cache-hits': '0',
39 verbose headers   'x-timer': 'S1416334759.741521,VS0,VE143',
39 verbose headers   'keep-alive': 'timeout=10, max=50',
39 verbose headers   connection: 'Keep-Alive' }
40 error publish Failed PUT 403
41 error Error: forbidden cannot modify pre-existing version: 0.2.7
41 error old={"name":"nhp","author":{"name":"NexusTools"},"homepage":"https://www.nexustools.net/projects#nhp","version":"0.2.7","licenses":[{"type":"Apache License 2.0","url":"http://www.apache.org/licenses/LICENSE-2.0.html"}],"description":"nhp is a html templating language which uses the moustache syntax, and tags similar to php for methods.","keywords":["nhp","html","nosejs","template","NexusTools","integration","compiler","language"],"bugs":{"url":"https://github.com/NexusTools/node-nhp/issues"},"repository":{"type":"git","url":"https://github.com/NexusTools/node-nhp.git"},"scripts":{"test":"mocha --timeout 10000 --require test/support/env --reporter spec --globals __typeinclude__ --check-leaks test/","test-travis":"istanbul cover node_modules/mocha/bin/_mocha --report lcovonly --  --timeout 20000 --require test/support/env --reporter spec --globals __typeinclude__ --check-leaks test/","postinstall":"tscac"},"typesource":"lib","preferGlobal":true,"main":"index.ts","bin":{"nhpc":"./bin/nhpc"},"engines":{"node":">=1.0.0"},"dependencies":{"async":"latest","underscore":"latest","htmlparser2":"latest","typeinclude":">=0.5.8","nulllogger":">=0.2.2","entities":"latest"},"devDependencies":{"istanbul":"0.3.2","mocha":"~1.21.4"},"gitHead":"9de68e676daba4c5142e85a1be37e7512fd4bb3e","_id":"nhp@0.2.7","_shasum":"1633443f245b84dce42cebe7a9bed11ff004cd77","_from":".","_npmVersion":"1.4.21","_npmUser":{"name":"ktaeyln","email":"ktaeyln@gmail.com"},"maintainers":[{"name":"ktaeyln","email":"ktaeyln@gmail.com"},{"name":"nexustools","email":"admin@nexustools.net"}],"dist":{"shasum":"1633443f245b84dce42cebe7a9bed11ff004cd77","tarball":"http://registry.npmjs.org/nhp/-/nhp-0.2.7.tgz"}}
41 error new={"name":"nhp","author":{"name":"NexusTools"},"homepage":"https://www.nexustools.net/projects#nhp","version":"0.2.7","licenses":[{"type":"Apache License 2.0","url":"http://www.apache.org/licenses/LICENSE-2.0.html"}],"description":"nhp is a html templating language which uses the moustache syntax, and tags similar to php for methods.","keywords":["nhp","html","nosejs","template","NexusTools","integration","compiler","language"],"bugs":{"url":"https://github.com/NexusTools/node-nhp/issues"},"repository":{"type":"git","url":"https://github.com/NexusTools/node-nhp.git"},"scripts":{"test":"mocha --timeout 10000 --require test/support/env --reporter spec --globals __typeinclude__ --check-leaks test/","test-travis":"istanbul cover node_modules/mocha/bin/_mocha --report lcovonly --  --timeout 20000 --require test/support/env --reporter spec --globals __typeinclude__ --check-leaks test/","postinstall":"tscac"},"typesource":"lib","preferGlobal":true,"main":"index.ts","bin":{"nhpc":"./bin/nhpc"},"engines":{"node":">=1.0.0"},"dependencies":{"async":"latest","underscore":"latest","htmlparser2":"latest","typeinclude":">=0.5.8","nulllogger":">=0.2.2","entities":"latest"},"devDependencies":{"istanbul":"0.3.2","mocha":"~1.21.4"},"readme":"[![Package Version](https://img.shields.io/npm/v/nhp.svg)](https://www.npmjs.org/package/nhp) [![Build Status](https://travis-ci.org/NexusTools/node-nhp.svg)](https://travis-ci.org/NexusTools/node-nhp) [![Coverage Status](https://img.shields.io/coveralls/NexusTools/node-nhp.svg)](https://coveralls.io/r/NexusTools/node-nhp) [![Apache License 2.0](http://img.shields.io/hexpm/l/plug.svg)](http://www.apache.org/licenses/LICENSE-2.0.html) [![Gratipay Tips](http://img.shields.io/gratipay/NexusTools.svg)](https://gratipay.com/NexusTools/)\u000a\u000anode-nhp\u000a--------\u000anode-nhp is a html templating language which uses the moustache syntax, and tags similar to php for methods.\u000aMoustache code is run directly from within a ```vm``` context, so it can be as complex as you need.\u000a\u000alegal\u000a-----\u000anode-nhp is licensed under [Apache License 2.0](LICENSE.md)\u000a","readmeFilename":"README.md","gitHead":"9de68e676daba4c5142e85a1be37e7512fd4bb3e","_id":"nhp@0.2.7","_shasum":"1633443f245b84dce42cebe7a9bed11ff004cd77","_from":".","_npmVersion":"1.4.21","_npmUser":{"name":"ktaeyln","email":"ktaeyln@gmail.com"},"maintainers":[{"name":"ktaeyln","email":"ktaeyln@gmail.com"}],"dist":{"shasum":"1633443f245b84dce42cebe7a9bed11ff004cd77","tarball":"http://registry.npmjs.org/nhp/-/nhp-0.2.7.tgz"}}: nhp
41 error     at RegClient.<anonymous> (/usr/share/npm/node_modules/npm-registry-client/lib/request.js:300:14)
41 error     at Request._callback (/usr/share/npm/node_modules/npm-registry-client/lib/request.js:238:65)
41 error     at Request.self.callback (/usr/lib/nodejs/request/index.js:148:22)
41 error     at Request.EventEmitter.emit (events.js:98:17)
41 error     at Request.<anonymous> (/usr/lib/nodejs/request/index.js:896:14)
41 error     at Request.EventEmitter.emit (events.js:117:20)
41 error     at IncomingMessage.<anonymous> (/usr/lib/nodejs/request/index.js:847:12)
41 error     at IncomingMessage.EventEmitter.emit (events.js:117:20)
41 error     at _stream_readable.js:920:16
41 error     at process._tickCallback (node.js:415:13)
42 error If you need help, you may report this *entire* log,
42 error including the npm and node versions, at:
42 error     <http://github.com/npm/npm/issues>
43 error System Linux 3.16.0-24-generic
44 error command "/usr/bin/nodejs" "/usr/bin/npm" "publish"
45 error cwd /home/katelyn/Projects/node-nhp
46 error node -v v0.10.25
47 error npm -v 1.4.21
48 verbose exit [ 1, true ]
